<?xml version="1.0" encoding="UTF-8"?>
<coverage generated="1563313661888" clover="3.2.0">
  <project timestamp="1563313661889" name="All files">
    <metrics statements="31" coveredstatements="31" conditionals="7" coveredconditionals="7" methods="5" coveredmethods="5" elements="43" coveredelements="43" complexity="0" loc="31" ncloc="31" packages="1" files="2" classes="2"/>
    <file name="fizzbuzz.js" path="/Users/Insui/Desktop/FEW2.1-JS_LIB/fizzbuzz.js">
      <metrics statements="29" coveredstatements="29" conditionals="7" coveredconditionals="7" methods="4" coveredmethods="4"/>
      <line num="1" count="1" type="stmt"/>
      <line num="2" count="1" type="stmt"/>
      <line num="3" count="1" type="stmt"/>
      <line num="11" count="33" type="stmt"/>
      <line num="20" count="33" type="stmt"/>
      <line num="29" count="29" type="stmt"/>
      <line num="30" count="29" type="cond" truecount="2" falsecount="0"/>
      <line num="31" count="29" type="cond" truecount="2" falsecount="0"/>
      <line num="32" count="29" type="stmt"/>
      <line num="41" count="4" type="stmt"/>
      <line num="42" count="4" type="stmt"/>
      <line num="43" count="24" type="stmt"/>
      <line num="44" count="24" type="stmt"/>
      <line num="45" count="24" type="cond" truecount="3" falsecount="0"/>
      <line num="47" count="6" type="stmt"/>
      <line num="48" count="6" type="stmt"/>
      <line num="50" count="3" type="stmt"/>
      <line num="51" count="3" type="stmt"/>
      <line num="53" count="1" type="stmt"/>
      <line num="54" count="1" type="stmt"/>
      <line num="57" count="4" type="stmt"/>
      <line num="60" count="1" type="stmt"/>
      <line num="61" count="1" type="stmt"/>
      <line num="62" count="1" type="stmt"/>
      <line num="63" count="1" type="stmt"/>
      <line num="64" count="1" type="stmt"/>
      <line num="65" count="1" type="stmt"/>
      <line num="66" count="1" type="stmt"/>
      <line num="67" count="1" type="stmt"/>
    </file>
    <file name="sum.js" path="/Users/Insui/Desktop/FEW2.1-JS_LIB/sum.js">
      <metrics statements="2" coveredstatements="2" conditionals="0" coveredconditionals="0" methods="1" coveredmethods="1"/>
      <line num="2" count="1" type="stmt"/>
      <line num="4" count="1" type="stmt"/>
    </file>
  </project>
</coverage>
