{"/Users/Insui/Desktop/FEW2.1-JS_LIB/fizzbuzz.js": {"path":"/Users/Insui/Desktop/FEW2.1-JS_LIB/fizzbuzz.js","statementMap":{"0":{"start":{"line":1,"column":13},"end":{"line":1,"column":19}},"1":{"start":{"line":2,"column":13},"end":{"line":2,"column":19}},"2":{"start":{"line":3,"column":17},"end":{"line":3,"column":27}},"3":{"start":{"line":11,"column":2},"end":{"line":11,"column":20}},"4":{"start":{"line":20,"column":2},"end":{"line":20,"column":20}},"5":{"start":{"line":29,"column":15},"end":{"line":29,"column":17}},"6":{"start":{"line":30,"column":2},"end":{"line":30,"column":36}},"7":{"start":{"line":30,"column":20},"end":{"line":30,"column":34}},"8":{"start":{"line":31,"column":2},"end":{"line":31,"column":36}},"9":{"start":{"line":31,"column":20},"end":{"line":31,"column":34}},"10":{"start":{"line":32,"column":2},"end":{"line":32,"column":15}},"11":{"start":{"line":41,"column":15},"end":{"line":41,"column":58}},"12":{"start":{"line":42,"column":2},"end":{"line":56,"column":3}},"13":{"start":{"line":42,"column":15},"end":{"line":42,"column":16}},"14":{"start":{"line":43,"column":16},"end":{"line":43,"column":29}},"15":{"start":{"line":44,"column":4},"end":{"line":44,"column":20}},"16":{"start":{"line":45,"column":4},"end":{"line":55,"column":5}},"17":{"start":{"line":47,"column":8},"end":{"line":47,"column":24}},"18":{"start":{"line":48,"column":8},"end":{"line":48,"column":13}},"19":{"start":{"line":50,"column":8},"end":{"line":50,"column":24}},"20":{"start":{"line":51,"column":8},"end":{"line":51,"column":13}},"21":{"start":{"line":53,"column":8},"end":{"line":53,"column":28}},"22":{"start":{"line":54,"column":8},"end":{"line":54,"column":13}},"23":{"start":{"line":57,"column":2},"end":{"line":57,"column":15}},"24":{"start":{"line":60,"column":0},"end":{"line":60,"column":26}},"25":{"start":{"line":61,"column":0},"end":{"line":61,"column":32}},"26":{"start":{"line":62,"column":0},"end":{"line":62,"column":32}},"27":{"start":{"line":63,"column":0},"end":{"line":63,"column":38}},"28":{"start":{"line":64,"column":0},"end":{"line":64,"column":34}},"29":{"start":{"line":65,"column":0},"end":{"line":65,"column":26}},"30":{"start":{"line":66,"column":0},"end":{"line":66,"column":26}},"31":{"start":{"line":67,"column":0},"end":{"line":67,"column":34}}},"fnMap":{"0":{"name":"isFizzy","decl":{"start":{"line":10,"column":9},"end":{"line":10,"column":16}},"loc":{"start":{"line":10,"column":20},"end":{"line":12,"column":1}},"line":10},"1":{"name":"isBuzzy","decl":{"start":{"line":19,"column":9},"end":{"line":19,"column":16}},"loc":{"start":{"line":19,"column":20},"end":{"line":21,"column":1}},"line":19},"2":{"name":"fizzyBuzzy","decl":{"start":{"line":28,"column":9},"end":{"line":28,"column":19}},"loc":{"start":{"line":28,"column":23},"end":{"line":33,"column":1}},"line":28},"3":{"name":"fizzBuzz","decl":{"start":{"line":40,"column":9},"end":{"line":40,"column":17}},"loc":{"start":{"line":40,"column":25},"end":{"line":58,"column":1}},"line":40}},"branchMap":{"0":{"loc":{"start":{"line":30,"column":2},"end":{"line":30,"column":36}},"type":"if","locations":[{"start":{"line":30,"column":2},"end":{"line":30,"column":36}},{"start":{"line":30,"column":2},"end":{"line":30,"column":36}}],"line":30},"1":{"loc":{"start":{"line":31,"column":2},"end":{"line":31,"column":36}},"type":"if","locations":[{"start":{"line":31,"column":2},"end":{"line":31,"column":36}},{"start":{"line":31,"column":2},"end":{"line":31,"column":36}}],"line":31},"2":{"loc":{"start":{"line":45,"column":4},"end":{"line":55,"column":5}},"type":"switch","locations":[{"start":{"line":46,"column":6},"end":{"line":48,"column":13}},{"start":{"line":49,"column":6},"end":{"line":51,"column":13}},{"start":{"line":52,"column":6},"end":{"line":54,"column":13}}],"line":45}},"s":{"0":1,"1":1,"2":1,"3":33,"4":33,"5":29,"6":29,"7":9,"8":29,"9":6,"10":29,"11":4,"12":4,"13":4,"14":24,"15":24,"16":24,"17":6,"18":6,"19":3,"20":3,"21":1,"22":1,"23":4,"24":1,"25":1,"26":1,"27":1,"28":1,"29":1,"30":1,"31":1},"f":{"0":33,"1":33,"2":29,"3":4},"b":{"0":[9,20],"1":[6,23],"2":[6,3,1]},"_coverageSchema":"43e27e138ebf9cfc5966b082cf9a028302ed4184","hash":"b2f570bac126e1642b169cba21254350c9223bfc"}
,"/Users/Insui/Desktop/FEW2.1-JS_LIB/sum.js": {"path":"/Users/Insui/Desktop/FEW2.1-JS_LIB/sum.js","statementMap":{"0":{"start":{"line":2,"column":4},"end":{"line":2,"column":17}},"1":{"start":{"line":4,"column":0},"end":{"line":4,"column":21}}},"fnMap":{"0":{"name":"sum","decl":{"start":{"line":1,"column":9},"end":{"line":1,"column":12}},"loc":{"start":{"line":1,"column":19},"end":{"line":3,"column":1}},"line":1}},"branchMap":{},"s":{"0":1,"1":1},"f":{"0":1},"b":{},"_coverageSchema":"43e27e138ebf9cfc5966b082cf9a028302ed4184","hash":"ba8b516232950183e754bf013ce4ac436e59121b"}
}
