TN:
SF:/Users/Insui/Desktop/FEW2.1-JS_LIB/fizzbuzz.js
FN:10,isFizzy
FN:19,isBuzzy
FN:28,fizzyBuzzy
FN:40,fizzBuzz
FNF:4
FNH:4
FNDA:33,isFizzy
FNDA:33,isBuzzy
FNDA:29,fizzyBuzzy
FNDA:4,fizzBuzz
DA:1,1
DA:2,1
DA:3,1
DA:11,33
DA:20,33
DA:29,29
DA:30,29
DA:31,29
DA:32,29
DA:41,4
DA:42,4
DA:43,24
DA:44,24
DA:45,24
DA:47,6
DA:48,6
DA:50,3
DA:51,3
DA:53,1
DA:54,1
DA:57,4
DA:60,1
DA:61,1
DA:62,1
DA:63,1
DA:64,1
DA:65,1
DA:66,1
DA:67,1
LF:29
LH:29
BRDA:30,0,0,9
BRDA:30,0,1,20
BRDA:31,1,0,6
BRDA:31,1,1,23
BRDA:45,2,0,6
BRDA:45,2,1,3
BRDA:45,2,2,1
BRF:7
BRH:7
end_of_record
TN:
SF:/Users/Insui/Desktop/FEW2.1-JS_LIB/sum.js
FN:1,sum
FNF:1
FNH:1
FNDA:1,sum
DA:2,1
DA:4,1
LF:2
LH:2
BRF:0
BRH:0
end_of_record
